<?xml version="1.0" encoding="UTF-8"?>
<!-- Generated by org.testng.reporters.JUnitReportReporter -->
<testsuite hostname="Skillups-MacBook-Pro-3.local" failures="0" tests="1" name="testcases.IdentifyCoursesTest" time="139.959" errors="0" timestamp="2025-03-25T16:55:41 IST" skipped="0">
  <testcase classname="testcases.IdentifyCoursesTest" name="testScrapeCourseRatings" time="139.959"/>
</testsuite> <!-- testcases.IdentifyCoursesTest -->
